<?xml version="1.0" encoding="UTF-8"?>
<!-- Generated by org.testng.reporters.JUnitReportReporter -->
<testsuite skipped="0" hostname="NGBLR-03064" name="XmlUtil.ResponseXml" tests="1" failures="0" timestamp="09 Mar 2020 06:20:33 GMT" time="2.909" errors="0">
  <testcase name="GetUser_HashMap_XMLResponse_withXMLParser" time="2.909" classname="XmlUtil.ResponseXml"/>
</testsuite> <!-- XmlUtil.ResponseXml -->
