<?xml version="1.0" encoding="UTF-8"?>
<!-- Generated by org.testng.reporters.JUnitReportReporter -->
<testsuite skipped="0" hostname="NGBLR-03064" name="com.rest.api.get.PostAPI" tests="1" failures="0" timestamp="07 Feb 2020 15:56:23 GMT" time="2.538" errors="0">
  <testcase name="CreateBook_Post" time="2.538" classname="com.rest.api.get.PostAPI"/>
</testsuite> <!-- com.rest.api.get.PostAPI -->
