<?xml version="1.0" encoding="UTF-8"?>
<!-- Generated by org.testng.reporters.JUnitReportReporter -->
<testsuite skipped="0" hostname="NGBLR-03064" name="com.rest.api.authentication.Oauth1" tests="1" failures="0" timestamp="19 Jun 2020 17:08:47 GMT" time="6.625" errors="0">
  <testcase name="Oauth1_APITest" time="6.625" classname="com.rest.api.authentication.Oauth1"/>
</testsuite> <!-- com.rest.api.authentication.Oauth1 -->
