<?xml version="1.0" encoding="UTF-8"?>
<!-- Generated by org.testng.reporters.JUnitReportReporter -->
<testsuite skipped="0" hostname="NGBLR-03064" name="com.rest.api.get.getAPI" tests="2" failures="0" timestamp="30 Jan 2020 14:08:23 GMT" time="3.548" errors="0">
  <testcase name="getAPICircuitTest_circuityear" time="3.158" classname="com.rest.api.get.getAPI"/>
  <testcase name="getAPICircuitTest_circuityear" time="0.390" classname="com.rest.api.get.getAPI"/>
</testsuite> <!-- com.rest.api.get.getAPI -->
