<?xml version="1.0" encoding="UTF-8"?>
<!-- Generated by org.testng.reporters.JUnitReportReporter -->
<testsuite skipped="0" hostname="NGBLR-03064" name="com.rest.api.withoutBDD.ResponseXml" tests="1" failures="0" timestamp="08 Feb 2020 19:36:06 GMT" time="1.520" errors="0">
  <testcase name="GetUser_HashMap_XMLResponse" time="1.520" classname="com.rest.api.withoutBDD.ResponseXml"/>
</testsuite> <!-- com.rest.api.withoutBDD.ResponseXml -->
