<?xml version="1.0" encoding="UTF-8"?>
<!-- Generated by org.testng.reporters.JUnitReportReporter -->
<testsuite skipped="0" hostname="NGBLR-03064" name="com.rest.api.authentication.Basicauth" tests="1" failures="0" timestamp="08 Feb 2020 08:17:34 GMT" time="2.099" errors="0">
  <testcase name="basic_auth_testing" time="2.099" classname="com.rest.api.authentication.Basicauth"/>
</testsuite> <!-- com.rest.api.authentication.Basicauth -->
