<?xml version="1.0" encoding="UTF-8"?>
<!-- Generated by org.testng.reporters.JUnitReportReporter -->
<testsuite skipped="0" hostname="NGBLR-03064" name="com.rest.api.authentication.Oauth2" tests="1" failures="0" timestamp="10 Oct 2020 05:32:10 GMT" time="5.468" errors="0">
  <testcase name="getAuth2TokenAPITest" time="5.468" classname="com.rest.api.authentication.Oauth2"/>
</testsuite> <!-- com.rest.api.authentication.Oauth2 -->
