<?xml version="1.0" encoding="UTF-8"?>
<!-- Generated by org.testng.reporters.JUnitReportReporter -->
<testsuite skipped="0" hostname="NGBLR-03064" name="com.rest.api.post.Libary_Create" tests="1" failures="0" timestamp="07 Feb 2020 18:12:36 GMT" time="1.620" errors="0">
  <testcase name="Create_library_Post" time="1.620" classname="com.rest.api.post.Libary_Create"/>
</testsuite> <!-- com.rest.api.post.Libary_Create -->
