<?xml version="1.0" encoding="UTF-8"?>
<!-- Generated by org.testng.reporters.JUnitReportReporter -->
<testsuite skipped="0" hostname="NGBLR-03064" name="com.rest.api.authentication.Digest_auth" tests="1" failures="0" timestamp="08 Feb 2020 08:29:42 GMT" time="2.831" errors="0">
  <testcase name="digest_auth_testing" time="2.831" classname="com.rest.api.authentication.Digest_auth"/>
</testsuite> <!-- com.rest.api.authentication.Digest_auth -->
