<?xml version="1.0" encoding="UTF-8"?>
<!-- Generated by org.testng.reporters.JUnitReportReporter -->
<testsuite skipped="0" hostname="NGBLR-03064" name="com.rest.api.get.PostAPIwithPOJO" tests="1" failures="0" timestamp="03 Apr 2020 19:02:29 GMT" time="3.668" errors="0">
  <testcase name="createUser_with_Pojo_Test" time="3.668" classname="com.rest.api.get.PostAPIwithPOJO"/>
</testsuite> <!-- com.rest.api.get.PostAPIwithPOJO -->
