<?xml version="1.0" encoding="UTF-8"?>
<!-- Generated by org.testng.reporters.JUnitReportReporter -->
<testsuite skipped="0" hostname="NGBLR-03064" name="com.rest.api.authentication.formauth" tests="1" failures="0" timestamp="10 Oct 2020 05:30:43 GMT" time="7.439" errors="0">
  <testcase name="form_auth_testing" time="7.439" classname="com.rest.api.authentication.formauth"/>
</testsuite> <!-- com.rest.api.authentication.formauth -->
