<?xml version="1.0" encoding="UTF-8"?>
<!-- Generated by org.testng.reporters.JUnitReportReporter -->
<testsuite skipped="0" hostname="NGBLR-03064" name="com.rest.api.withoutBDD.NonBDDGet" tests="2" failures="0" timestamp="08 Feb 2020 18:55:57 GMT" time="1.840" errors="0">
  <testcase name="Get_NonBDD" time="0.313" classname="com.rest.api.withoutBDD.NonBDDGet"/>
  <testcase name="Get_HashMap_withqueyparam" time="1.527" classname="com.rest.api.withoutBDD.NonBDDGet"/>
</testsuite> <!-- com.rest.api.withoutBDD.NonBDDGet -->
