<?xml version="1.0" encoding="UTF-8"?>
<!-- Generated by org.testng.reporters.JUnitReportReporter -->
<testsuite skipped="0" hostname="NGBLR-03064" name="com.rest.api.authentication.Preemptive_auth" tests="1" failures="0" timestamp="08 Feb 2020 08:16:56 GMT" time="2.843" errors="0">
  <testcase name="Preemptive_basic_auth_testing" time="2.843" classname="com.rest.api.authentication.Preemptive_auth"/>
</testsuite> <!-- com.rest.api.authentication.Preemptive_auth -->
